<?xml version="1.0" encoding="UTF-8"?>
<!-- Generated by org.testng.reporters.JUnitReportReporter -->
<testsuite hostname="LAPTOP-SJRN4F9M" failures="0" tests="1" name="com.qa.run.CodeRun" time="22.922" errors="0" timestamp="2020-07-09T14:33:32 IST" skipped="0">
  <testcase classname="com.qa.run.CodeRun" name="LetsRun" time="22.922"/>
  <system-out/>
</testsuite> <!-- com.qa.run.CodeRun -->
